\BOOKMARK [0][-]{chapter*.1}{Resumen}{}% 1
\BOOKMARK [0][-]{chapter*.2}{Abstract}{}% 2
\BOOKMARK [0][-]{chapter*.3}{Agradecimientos}{}% 3
\BOOKMARK [0][-]{chapter*.4}{\315ndice general}{}% 4
\BOOKMARK [0][-]{chapter*.5}{\315ndice de cuadros}{}% 5
\BOOKMARK [0][-]{chapter*.6}{\315ndice de figuras}{}% 6
\BOOKMARK [0][-]{chapter*.7}{\315ndice de listados}{}% 7
\BOOKMARK [0][-]{chapter*.8}{Listado de acr\363nimos}{}% 8
\BOOKMARK [0][-]{chapter.1}{Introducci\363n}{}% 9
\BOOKMARK [1][-]{section.1.1}{T\355tulo del proyecto}{chapter.1}% 10
\BOOKMARK [1][-]{section.1.2}{Contexto del proyecto}{chapter.1}% 11
\BOOKMARK [1][-]{section.1.3}{Evoluci\363n respecto al PFC}{chapter.1}% 12
\BOOKMARK [1][-]{section.1.4}{Competencias adquiridas}{chapter.1}% 13
\BOOKMARK [1][-]{section.1.5}{Estructura del documento}{chapter.1}% 14
\BOOKMARK [0][-]{chapter.2}{Objetivos}{}% 15
\BOOKMARK [1][-]{section.2.1}{Objetivo general}{chapter.2}% 16
\BOOKMARK [1][-]{section.2.2}{Objetivos espec\355ficos}{chapter.2}% 17
\BOOKMARK [2][-]{subsection.2.2.1}{Objetivo 1}{section.2.2}% 18
\BOOKMARK [2][-]{subsection.2.2.2}{Objetivo 2}{section.2.2}% 19
\BOOKMARK [2][-]{subsection.2.2.3}{Objetivo 3}{section.2.2}% 20
\BOOKMARK [1][-]{section.2.3}{Limitaciones y condicionantes}{chapter.2}% 21
\BOOKMARK [1][-]{section.2.4}{Alcance}{chapter.2}% 22
\BOOKMARK [1][-]{section.2.5}{Equipo de trabajo}{chapter.2}% 23
\BOOKMARK [1][-]{section.2.6}{Marco tecnol\363gico}{chapter.2}% 24
\BOOKMARK [0][-]{chapter.3}{Antecedentes}{}% 25
\BOOKMARK [1][-]{section.3.1}{Estilos de texto}{chapter.3}% 26
\BOOKMARK [1][-]{section.3.2}{Vi\361etas y enumerados}{chapter.3}% 27
\BOOKMARK [1][-]{section.3.3}{Figuras}{chapter.3}% 28
\BOOKMARK [1][-]{section.3.4}{Cuadros}{chapter.3}% 29
\BOOKMARK [1][-]{section.3.5}{Listados de c\363digo}{chapter.3}% 30
\BOOKMARK [1][-]{section.3.6}{Citas y referencias cruzadas}{chapter.3}% 31
\BOOKMARK [1][-]{section.3.7}{P\341ginas}{chapter.3}% 32
\BOOKMARK [1][-]{section.3.8}{Calidad de Datos}{chapter.3}% 33
\BOOKMARK [1][-]{section.3.9}{Web Sem\341ntica}{chapter.3}% 34
\BOOKMARK [1][-]{section.3.10}{Concepto de Big Data}{chapter.3}% 35
\BOOKMARK [1][-]{section.3.11}{Desaf\355o sde Big Data}{chapter.3}% 36
\BOOKMARK [1][-]{section.3.12}{Tecnolog\355as Big Data}{chapter.3}% 37
\BOOKMARK [1][-]{section.3.13}{Machine Learning}{chapter.3}% 38
\BOOKMARK [1][-]{section.3.14}{T\351cnicas Machine Learning}{chapter.3}% 39
\BOOKMARK [1][-]{section.3.15}{Inteligencia Artificial}{chapter.3}% 40
\BOOKMARK [0][-]{chapter.4}{M\351todo de Trabajo}{}% 41
\BOOKMARK [0][-]{chapter.5}{Resultados}{}% 42
\BOOKMARK [0][-]{chapter.6}{Conclusiones}{}% 43
\BOOKMARK [1][-]{section.6.1}{Conclusiones}{chapter.6}% 44
\BOOKMARK [1][-]{section.6.2}{Propuestas de trabajos futuros}{chapter.6}% 45
\BOOKMARK [1][-]{section.6.3}{Publicaciones}{chapter.6}% 46
\BOOKMARK [1][-]{section.6.4}{Opini\363n personal}{chapter.6}% 47
\BOOKMARK [0][-]{appendix.Alph1}{Ejemplo de anexo}{}% 48
\BOOKMARK [0][-]{appendix*.9}{Referencias}{}% 49
